[2020-11-03 23:16:52,256] multiqc                                            [DEBUG  ]  No MultiQC config found: /mnt/local/vse2020/home/alex_fedorov/miniconda3/envs/nanopore-hw/lib/python3.5/site-packages/multiqc-0.9-py3.5.egg/multiqc_config.yaml
[2020-11-03 23:16:52,256] multiqc                                            [DEBUG  ]  No MultiQC config found: /mnt/local/vse2020/home/alex_fedorov/.multiqc_config.yaml
[2020-11-03 23:16:52,256] multiqc                                            [DEBUG  ]  No MultiQC config found: multiqc_config.yaml
[2020-11-03 23:16:52,256] multiqc                                            [DEBUG  ]  Command used: /mnt/local/vse2020/home/alex_fedorov/miniconda3/envs/nanopore-hw/bin/multiqc -o qc qc
[2020-11-03 23:16:53,425] multiqc                                            [WARNING]  MultiQC Version v1.9
 now available!
[2020-11-03 23:16:53,425] multiqc                                            [INFO   ]  This is MultiQC v0.9
[2020-11-03 23:16:53,425] multiqc                                            [DEBUG  ]  Command     : /mnt/local/vse2020/home/alex_fedorov/miniconda3/envs/nanopore-hw/bin/multiqc -o qc qc
[2020-11-03 23:16:53,425] multiqc                                            [DEBUG  ]  Working dir : /mnt/local/vse2020/home/alex_fedorov/nanopore-hw
[2020-11-03 23:16:53,425] multiqc                                            [INFO   ]  Template    : default
[2020-11-03 23:16:53,425] multiqc                                            [INFO   ]  Searching 'qc'
[2020-11-03 23:16:53,425] multiqc                                            [DEBUG  ]  Analysing modules: gatk, htseq, custom_content, peddy, quast, snpeff, qualimap, bcftools, featureCounts, methylQA, rseqc, picard, preseq, prokka, samblaster, samtools, bamtools, bismark, hicup, salmon, kallisto, slamdunk, star, tophat, bowtie2, bowtie1, cutadapt, trimmomatic, skewer, fastq_screen, fastqc
[2020-11-03 23:16:53,426] multiqc                                            [DEBUG  ]  Using temporary directory for creating report: /tmp/tmpwapmbokt
[2020-11-03 23:16:53,583] multiqc.modules.gatk.gatk                          [DEBUG  ]  Could not find any reports in ('qc',)
[2020-11-03 23:16:53,588] multiqc.modules.htseq.htseq                        [DEBUG  ]  Could not find any reports in ('qc',)
[2020-11-03 23:16:53,613] multiqc.modules.custom_content.custom_content      [DEBUG  ]  No custom content found
[2020-11-03 23:16:53,618] multiqc.modules.peddy.peddy                        [DEBUG  ]  Could not find any reports in ('qc',)
[2020-11-03 23:16:53,622] multiqc.modules.quast.quast                        [DEBUG  ]  Could not find any reports in ('qc',)
[2020-11-03 23:16:53,640] multiqc.modules.snpeff.snpeff                      [DEBUG  ]  Could not find any data in ('qc',)
[2020-11-03 23:16:53,644] multiqc.modules.qualimap.QM_BamQC                  [DEBUG  ]  Using default Qualimap thresholds: 1, 5, 10, 30, 50
[2020-11-03 23:16:53,648] multiqc.modules.qualimap.qualimap                  [DEBUG  ]  Could not find any reports in ('qc',)
[2020-11-03 23:16:53,671] multiqc.modules.bcftools.bcftools                  [DEBUG  ]  Could not find any reports in ('qc',)
[2020-11-03 23:16:53,675] multiqc.modules.featureCounts.feature_counts       [DEBUG  ]  Could not find any reports in ('qc',)
[2020-11-03 23:16:53,679] multiqc.modules.methylQA.methylQA                  [DEBUG  ]  Could not find any reports in ('qc',)
[2020-11-03 23:16:53,708] multiqc.modules.rseqc.rseqc                        [DEBUG  ]  Could not find any reports in ('qc',)
[2020-11-03 23:16:53,732] multiqc.modules.picard.picard                      [DEBUG  ]  Could not find any reports in ('qc',)
[2020-11-03 23:16:53,738] multiqc.modules.preseq.preseq                      [DEBUG  ]  Could not find any preseq data in ('qc',)
[2020-11-03 23:16:53,743] multiqc.modules.prokka.prokka                      [DEBUG  ]  Could not find any Prokka data in ('qc',)
[2020-11-03 23:16:53,749] multiqc.modules.samblaster.samblaster              [DEBUG  ]  Could not find any data in ('qc',)
[2020-11-03 23:16:53,761] multiqc.modules.samtools.samtools                  [DEBUG  ]  Could not find any reports in ('qc',)
[2020-11-03 23:16:53,782] multiqc.modules.bamtools.bamtools                  [DEBUG  ]  Could not find any reports in ('qc',)
[2020-11-03 23:16:53,788] multiqc.modules.bismark.bismark                    [DEBUG  ]  Could not find any reports in ('qc',)
[2020-11-03 23:16:53,792] multiqc.modules.hicup.hicup                        [DEBUG  ]  Could not find any HiCUP data in ('qc',)
[2020-11-03 23:16:53,797] multiqc.modules.salmon.salmon                      [DEBUG  ]  Could not find any Salmon data in ('qc',)
[2020-11-03 23:16:53,802] multiqc.modules.kallisto.kallisto                  [DEBUG  ]  Could not find any reports in ('qc',)
[2020-11-03 23:16:53,819] multiqc.modules.slamdunk.slamdunk                  [DEBUG  ]  No slamdunk reports found.
[2020-11-03 23:16:53,823] multiqc.modules.star.star                          [DEBUG  ]  Could not find any reports in ('qc',)
[2020-11-03 23:16:53,827] multiqc.modules.tophat.tophat                      [DEBUG  ]  Could not find any reports in ('qc',)
[2020-11-03 23:16:53,838] multiqc.modules.bowtie2.bowtie2                    [DEBUG  ]  Could not find any reports in ('qc',)
[2020-11-03 23:16:53,844] multiqc.modules.bowtie1.bowtie1                    [DEBUG  ]  Could not find any reports in ('qc',)
[2020-11-03 23:16:53,849] multiqc.modules.cutadapt.cutadapt                  [DEBUG  ]  Could not find any reports in ('qc',)
[2020-11-03 23:16:53,854] multiqc.modules.trimmomatic.trimmomatic            [DEBUG  ]  Could not find any Trimmomatic data in ('qc',)
[2020-11-03 23:16:53,860] multiqc.modules.skewer.skewer                      [DEBUG  ]  Could not find any data in ('qc',)
[2020-11-03 23:16:53,864] multiqc.modules.fastq_screen.fastq_screen          [DEBUG  ]  Could not find any reports in ('qc',)
[2020-11-03 23:16:53,876] multiqc.modules.fastqc.fastqc                      [INFO   ]  Found 2 reports
[2020-11-03 23:16:53,963] multiqc                                            [INFO   ]  Report      : qc/multiqc_report.html
[2020-11-03 23:16:53,964] multiqc                                            [INFO   ]  Data        : qc/multiqc_data
[2020-11-03 23:16:53,964] multiqc                                            [DEBUG  ]  Moving data file from '/tmp/tmpwapmbokt/multiqc_data/multiqc_sources.txt' to 'qc/multiqc_data'
[2020-11-03 23:16:53,964] multiqc                                            [DEBUG  ]  Moving data file from '/tmp/tmpwapmbokt/multiqc_data/multiqc_general_stats.txt' to 'qc/multiqc_data'
[2020-11-03 23:16:53,964] multiqc                                            [DEBUG  ]  Moving data file from '/tmp/tmpwapmbokt/multiqc_data/multiqc_fastqc.txt' to 'qc/multiqc_data'
[2020-11-03 23:16:54,170] multiqc                                            [INFO   ]  MultiQC complete
